c:\users\this pc\documents\minity-gi me\minty-gi\x64\release\imgui_draw.obj
c:\users\this pc\documents\minity-gi me\minty-gi\x64\release\imgui_impl_dx11.obj
c:\users\this pc\documents\minity-gi me\minty-gi\x64\release\imgui_widgets.obj
c:\users\this pc\documents\minity-gi me\minty-gi\x64\release\infinityultimate.obj
c:\users\this pc\documents\minity-gi me\minty-gi\x64\release\oculitp.obj
c:\users\this pc\documents\minity-gi me\minty-gi\x64\release\fovchanger.obj
c:\users\this pc\documents\minity-gi me\minty-gi\x64\release\autodestroy.obj
c:\users\this pc\documents\minity-gi me\minty-gi\x64\release\killaura.obj
c:\users\this pc\documents\minity-gi me\minty-gi\x64\release\bypass.obj
c:\users\this pc\documents\minity-gi me\minty-gi\x64\release\multihit.obj
c:\users\this pc\documents\minity-gi me\minty-gi\x64\release\questtp.obj
c:\users\this pc\documents\minity-gi me\minty-gi\x64\release\flycloakchanger.obj
c:\users\this pc\documents\minity-gi me\minty-gi\x64\release\skipcutscene.obj
c:\users\this pc\documents\minity-gi me\minty-gi\x64\release\dumbenemies.obj
c:\users\this pc\documents\minity-gi me\minty-gi\x64\release\initgui.obj
c:\users\this pc\documents\minity-gi me\minty-gi\x64\release\dllmain.obj
c:\users\this pc\documents\minity-gi me\minty-gi\x64\release\imgui_stdlib.obj
c:\users\this pc\documents\minity-gi me\minty-gi\x64\release\infinitystamina.obj
c:\users\this pc\documents\minity-gi me\minty-gi\x64\release\maptp.obj
c:\users\this pc\documents\minity-gi me\minty-gi\x64\release\openteamimmediately.obj
c:\users\this pc\documents\minity-gi me\minty-gi\x64\release\uncensor.obj
c:\users\this pc\documents\minity-gi me\minty-gi\x64\release\esp.obj
c:\users\this pc\documents\minity-gi me\minty-gi\x64\release\maingui.obj
c:\users\this pc\documents\minity-gi me\minty-gi\x64\release\configmanager.obj
c:\users\this pc\documents\minity-gi me\minty-gi\x64\release\noskillcd.obj
c:\users\this pc\documents\minity-gi me\minty-gi\x64\release\constchanger.obj
c:\users\this pc\documents\minity-gi me\minty-gi\x64\release\graphicschanger.obj
c:\users\this pc\documents\minity-gi me\minty-gi\x64\release\autoloot.obj
c:\users\this pc\documents\minity-gi me\minty-gi\x64\release\directxhook.obj
c:\users\this pc\documents\minity-gi me\minty-gi\x64\release\threads.obj
c:\users\this pc\documents\minity-gi me\minty-gi\x64\release\playerspeed.obj
c:\users\this pc\documents\minity-gi me\minty-gi\x64\release\faketime.obj
c:\users\this pc\documents\minity-gi me\minty-gi\x64\release\hidedamage.obj
c:\users\this pc\documents\minity-gi me\minty-gi\x64\release\autotalk.obj
c:\users\this pc\documents\minity-gi me\minty-gi\x64\release\imageloader.obj
c:\users\this pc\documents\minity-gi me\minty-gi\x64\release\imgui.obj
c:\users\this pc\documents\minity-gi me\minty-gi\x64\release\imgui_impl_dx12.obj
c:\users\this pc\documents\minity-gi me\minty-gi\x64\release\aoeattack.obj
c:\users\this pc\documents\minity-gi me\minty-gi\x64\release\walkonwater.obj
c:\users\this pc\documents\minity-gi me\minty-gi\x64\release\fakeweather.obj
c:\users\this pc\documents\minity-gi me\minty-gi\x64\release\instantbowcharge.obj
c:\users\this pc\documents\minity-gi me\minty-gi\x64\release\autoseelie.obj
c:\users\this pc\documents\minity-gi me\minty-gi\x64\release\fontsloader.obj
c:\users\this pc\documents\minity-gi me\minty-gi\x64\release\imgui_demo.obj
c:\users\this pc\documents\minity-gi me\minty-gi\x64\release\imgui_freetype.obj
c:\users\this pc\documents\minity-gi me\minty-gi\x64\release\imgui_impl_win32.obj
c:\users\this pc\documents\minity-gi me\minty-gi\x64\release\imgui_tables.obj
c:\users\this pc\documents\minity-gi me\minty-gi\x64\release\godmode.obj
c:\users\this pc\documents\minity-gi me\minty-gi\x64\release\settings.obj
c:\users\this pc\documents\minity-gi me\minty-gi\x64\release\resincrafter.obj
c:\users\this pc\documents\minity-gi me\minty-gi\x64\release\objectspawner.obj
c:\users\this pc\documents\minity-gi me\minty-gi\x64\release\chesttp.obj
c:\users\this pc\documents\minity-gi me\minty-gi\x64\release\hotkey.obj
c:\users\this pc\documents\minity-gi me\minty-gi\x64\release\sdk.obj
c:\users\this pc\documents\minity-gi me\minty-gi\x64\release\noclip.obj
c:\users\this pc\documents\minity-gi me\minty-gi\x64\release\teleportbase.obj
c:\users\this pc\documents\minity-gi me\minty-gi\x64\release\fpsunlock.obj
c:\users\this pc\documents\minity-gi me\minty-gi\x64\release\autoactivatetp.obj
c:\users\this pc\documents\minity-gi me\minty-gi\x64\release\espbase.obj
c:\users\this pc\documents\minity-gi me\minty-gi\x64\release\hooking.obj
c:\users\this pc\documents\minity-gi me\minty-gi\x64\release\resourceloader.obj
c:\users\this pc\documents\minity-gi me\minty-gi\x64\release\vc143.pdb
c:\users\this pc\documents\minity-gi me\x64\release\minty-gi.dll
c:\users\this pc\documents\minity-gi me\x64\release\minty-gi.pdb
c:\users\this pc\documents\minity-gi me\minty-gi\x64\release\minty-gi.res
c:\users\this pc\documents\minity-gi me\minty-gi\x64\release\minty-gi.ipdb
c:\users\this pc\documents\minity-gi me\minty-gi\x64\release\minty-gi.iobj
c:\users\this pc\documents\minity-gi me\minty-gi\x64\release\minty-gi.tlog\cl.10992.write.1.tlog
c:\users\this pc\documents\minity-gi me\minty-gi\x64\release\minty-gi.tlog\cl.command.1.tlog
c:\users\this pc\documents\minity-gi me\minty-gi\x64\release\minty-gi.tlog\cl.items.tlog
c:\users\this pc\documents\minity-gi me\minty-gi\x64\release\minty-gi.tlog\cl.read.1.tlog
c:\users\this pc\documents\minity-gi me\minty-gi\x64\release\minty-gi.tlog\link.command.1.tlog
c:\users\this pc\documents\minity-gi me\minty-gi\x64\release\minty-gi.tlog\link.read.1.tlog
c:\users\this pc\documents\minity-gi me\minty-gi\x64\release\minty-gi.tlog\link.secondary.1.tlog
c:\users\this pc\documents\minity-gi me\minty-gi\x64\release\minty-gi.tlog\link.write.1.tlog
c:\users\this pc\documents\minity-gi me\minty-gi\x64\release\minty-gi.tlog\rc.command.1.tlog
c:\users\this pc\documents\minity-gi me\minty-gi\x64\release\minty-gi.tlog\rc.read.1.tlog
c:\users\this pc\documents\minity-gi me\minty-gi\x64\release\minty-gi.tlog\rc.write.1.tlog
